<?xml version="1.0" encoding="UTF-8"?>
<!-- Generated by org.testng.reporters.JUnitReportReporter -->
<testsuite skipped="0" hostname="LAPTOP-78FTHU8P" name="com.employeeapi.testCases.TC001_Get_All_Employees" tests="9" failures="0" timestamp="02 Feb 2020 16:57:54 GMT" time="0.084" errors="0">
  <testcase name="checkContentType" time="0.003" classname="com.employeeapi.testCases.TC001_Get_All_Employees"/>
  <testcase name="checkcontentEncoding" time="0.001" classname="com.employeeapi.testCases.TC001_Get_All_Employees"/>
  <testcase name="checkContentLenght" time="0.020" classname="com.employeeapi.testCases.TC001_Get_All_Employees"/>
  <testcase name="checkstatusLine" time="0.003" classname="com.employeeapi.testCases.TC001_Get_All_Employees"/>
  <testcase name="checkStatusCode" time="0.003" classname="com.employeeapi.testCases.TC001_Get_All_Employees"/>
  <testcase name="checkResponseTime" time="0.007" classname="com.employeeapi.testCases.TC001_Get_All_Employees"/>
  <testcase name="checkCookies" time="0.002" classname="com.employeeapi.testCases.TC001_Get_All_Employees"/>
  <testcase name="checkResposeBody" time="0.042" classname="com.employeeapi.testCases.TC001_Get_All_Employees"/>
  <testcase name="checkserverType" time="0.003" classname="com.employeeapi.testCases.TC001_Get_All_Employees"/>
</testsuite> <!-- com.employeeapi.testCases.TC001_Get_All_Employees -->
