<?xml version="1.0" encoding="UTF-8"?>
<!-- Generated by org.testng.reporters.JUnitReportReporter -->
<testsuite skipped="0" hostname="LAPTOP-78FTHU8P" name="com.employeeapi.testCases.TC005_Delete_Employee_Record" tests="6" failures="0" timestamp="02 Feb 2020 16:59:06 GMT" time="0.017" errors="0">
  <testcase name="checkcontentEncoding" time="0.002" classname="com.employeeapi.testCases.TC005_Delete_Employee_Record"/>
  <testcase name="checkStatusCode" time="0.004" classname="com.employeeapi.testCases.TC005_Delete_Employee_Record"/>
  <testcase name="checkserverType" time="0.000" classname="com.employeeapi.testCases.TC005_Delete_Employee_Record"/>
  <testcase name="checkResposeBody" time="0.009" classname="com.employeeapi.testCases.TC005_Delete_Employee_Record"/>
  <testcase name="checkstatusLine" time="0.002" classname="com.employeeapi.testCases.TC005_Delete_Employee_Record"/>
  <testcase name="checkContentType" time="0.000" classname="com.employeeapi.testCases.TC005_Delete_Employee_Record"/>
</testsuite> <!-- com.employeeapi.testCases.TC005_Delete_Employee_Record -->
