<?xml version="1.0" encoding="UTF-8"?>
<!-- Generated by org.testng.reporters.JUnitReportReporter -->
<testsuite skipped="0" hostname="LAPTOP-78FTHU8P" name="com.employeeapi.testCases.TC002_Get_Single_Employee_Record" tests="7" failures="0" timestamp="02 Feb 2020 16:57:54 GMT" time="0.014" errors="0">
  <testcase name="checkserverType" time="0.001" classname="com.employeeapi.testCases.TC002_Get_Single_Employee_Record"/>
  <testcase name="checkContentType" time="0.001" classname="com.employeeapi.testCases.TC002_Get_Single_Employee_Record"/>
  <testcase name="checkStatusCode" time="0.007" classname="com.employeeapi.testCases.TC002_Get_Single_Employee_Record"/>
  <testcase name="checkContentLenght" time="0.001" classname="com.employeeapi.testCases.TC002_Get_Single_Employee_Record"/>
  <testcase name="checkResponseTime" time="0.000" classname="com.employeeapi.testCases.TC002_Get_Single_Employee_Record"/>
  <testcase name="checkResposeBody" time="0.003" classname="com.employeeapi.testCases.TC002_Get_Single_Employee_Record"/>
  <testcase name="checkstatusLine" time="0.001" classname="com.employeeapi.testCases.TC002_Get_Single_Employee_Record"/>
</testsuite> <!-- com.employeeapi.testCases.TC002_Get_Single_Employee_Record -->
